react-dom.development.js:25765 Download the React DevTools for a better development experience: https://reactjs.org/link/react-devtools
electron/js2c/renderer_init.js:83 Electron Deprecation Warning The 'remote' module is deprecated and will be disabled by default in a future version of Electron. To ensure a smooth upgrade and silence this warning, specify {enableRemoteModule: true} in the WebPreferences for this window.
(anonymous) @ electron/js2c/renderer_init.js:83
Promise.then (async)
(anonymous) @ electron/js2c/renderer_init.js:83
./lib/renderer/api/remote.js @ electron/js2c/renderer_init.js:83
__webpack_require__ @ electron/js2c/renderer_init.js:3
loader @ electron/js2c/renderer_init.js:79
(anonymous) @ electron/js2c/renderer_init.js:31
./src/containers/SiteLibrary/SiteLibraryRouted.js @ SiteLibraryRouted.js:23
__webpack_require__ @ bootstrap:785
fn @ bootstrap:150
./src/containers/SiteLibrary/index.js @ index.js:1
__webpack_require__ @ bootstrap:785
fn @ bootstrap:150
./src/App.js @ index.css:24
__webpack_require__ @ bootstrap:785
fn @ bootstrap:150
./src/index.js @ screenshot-placeholder.png:1
__webpack_require__ @ bootstrap:785
fn @ bootstrap:150
0 @ main-process-bridge.js:122
__webpack_require__ @ bootstrap:785
checkDeferredModules @ bootstrap:45
webpackJsonpCallback @ bootstrap:32
(anonymous) @ main.chunk.js:1
index.js:1191 Warning: Router uses the legacy childContextTypes API which is no longer supported and will be removed in the next major release. Use React.createContext() instead

.Learn more about this warning here: https://reactjs.org/link/legacy-context
    at Router (http://localhost:4001/static/js/0.chunk.js:217088:5)
    at BrowserRouter (http://localhost:4001/static/js/0.chunk.js:215917:5)
console.<computed> @ index.js:1191
printWarning @ react-dom.development.js:74
error @ react-dom.development.js:51
checkClassInstance @ react-dom.development.js:15718
mountClassInstance @ react-dom.development.js:15927
updateClassComponent @ react-dom.development.js:17125
beginWork @ react-dom.development.js:18766
beginWork$1 @ react-dom.development.js:23706
performUnitOfWork @ react-dom.development.js:22979
workLoopSync @ react-dom.development.js:22899
renderRootSync @ react-dom.development.js:22872
performConcurrentWorkOnRoot @ react-dom.development.js:22267
workLoop @ scheduler.development.js:227
flushWork @ scheduler.development.js:205
performWorkUntilDeadline @ scheduler.development.js:442
processImmediate @ internal/timers.js:439
index.js:1191 Warning: Switch uses the legacy contextTypes API which is no longer supported and will be removed in the next major release. Use React.createContext() with static contextType instead.

Learn more about this warning here: https://reactjs.org/link/legacy-context
    at Switch (http://localhost:4001/static/js/0.chunk.js:217397:5)
    at App (http://localhost:4001/static/js/main.chunk.js:117:5)
    at div
    at Router (http://localhost:4001/static/js/0.chunk.js:217088:5)
    at BrowserRouter (http://localhost:4001/static/js/0.chunk.js:215917:5)
console.<computed> @ index.js:1191
printWarning @ react-dom.development.js:74
error @ react-dom.development.js:51
checkClassInstance @ react-dom.development.js:15725
mountClassInstance @ react-dom.development.js:15927
updateClassComponent @ react-dom.development.js:17125
beginWork @ react-dom.development.js:18766
beginWork$1 @ react-dom.development.js:23706
performUnitOfWork @ react-dom.development.js:22979
workLoopSync @ react-dom.development.js:22899
renderRootSync @ react-dom.development.js:22872
performConcurrentWorkOnRoot @ react-dom.development.js:22267
workLoop @ scheduler.development.js:227
flushWork @ scheduler.development.js:205
performWorkUntilDeadline @ scheduler.development.js:442
processImmediate @ internal/timers.js:439
index.js:1191 Warning: Route uses the legacy childContextTypes API which is no longer supported and will be removed in the next major release. Use React.createContext() instead

.Learn more about this warning here: https://reactjs.org/link/legacy-context
    at Route (http://localhost:4001/static/js/0.chunk.js:216922:5)
    at Switch (http://localhost:4001/static/js/0.chunk.js:217397:5)
    at App (http://localhost:4001/static/js/main.chunk.js:117:5)
    at div
    at Router (http://localhost:4001/static/js/0.chunk.js:217088:5)
    at BrowserRouter (http://localhost:4001/static/js/0.chunk.js:215917:5)
console.<computed> @ index.js:1191
printWarning @ react-dom.development.js:74
error @ react-dom.development.js:51
checkClassInstance @ react-dom.development.js:15718
mountClassInstance @ react-dom.development.js:15927
updateClassComponent @ react-dom.development.js:17125
beginWork @ react-dom.development.js:18766
beginWork$1 @ react-dom.development.js:23706
performUnitOfWork @ react-dom.development.js:22979
workLoopSync @ react-dom.development.js:22899
renderRootSync @ react-dom.development.js:22872
performConcurrentWorkOnRoot @ react-dom.development.js:22267
workLoop @ scheduler.development.js:227
flushWork @ scheduler.development.js:205
performWorkUntilDeadline @ scheduler.development.js:442
processImmediate @ internal/timers.js:439
react-dom.development.js:74 Warning: componentWillMount has been renamed, and is not recommended for use. See https://reactjs.org/link/unsafe-component-lifecycles for details.

* Move code with side effects to componentDidMount, and set initial state in the constructor.
* Rename componentWillMount to UNSAFE_componentWillMount to suppress this warning in non-strict mode. In React 18.x, only the UNSAFE_ name will work. To rename all deprecated lifecycles to their new names, you can run `npx react-codemod rename-unsafe-lifecycles` in your project source folder.

Please update the following components: BrowserRouter, Route, Router, Switch
printWarning @ react-dom.development.js:74
warn @ react-dom.development.js:41
push../node_modules/react-dom/cjs/react-dom.development.js.ReactStrictModeWarnings.flushPendingUnsafeLifecycleWarnings @ react-dom.development.js:11297
flushRenderPhaseStrictModeWarningsInDEV @ react-dom.development.js:23612
commitRootImpl @ react-dom.development.js:23099
commitRoot @ react-dom.development.js:23082
finishConcurrentRender @ react-dom.development.js:22479
performConcurrentWorkOnRoot @ react-dom.development.js:22330
workLoop @ scheduler.development.js:227
flushWork @ scheduler.development.js:205
performWorkUntilDeadline @ scheduler.development.js:442
processImmediate @ internal/timers.js:439
react-dom.development.js:74 Warning: componentWillReceiveProps has been renamed, and is not recommended for use. See https://reactjs.org/link/unsafe-component-lifecycles for details.

* Move data fetching code or side effects to componentDidUpdate.
* If you're updating state whenever props change, refactor your code to use memoization techniques or move it to static getDerivedStateFromProps. Learn more at: https://reactjs.org/link/derived-state
* Rename componentWillReceiveProps to UNSAFE_componentWillReceiveProps to suppress this warning in non-strict mode. In React 18.x, only the UNSAFE_ name will work. To rename all deprecated lifecycles to their new names, you can run `npx react-codemod rename-unsafe-lifecycles` in your project source folder.

Please update the following components: Route, Router, Switch
printWarning @ react-dom.development.js:74
warn @ react-dom.development.js:41
push../node_modules/react-dom/cjs/react-dom.development.js.ReactStrictModeWarnings.flushPendingUnsafeLifecycleWarnings @ react-dom.development.js:11301
flushRenderPhaseStrictModeWarningsInDEV @ react-dom.development.js:23612
commitRootImpl @ react-dom.development.js:23099
commitRoot @ react-dom.development.js:23082
finishConcurrentRender @ react-dom.development.js:22479
performConcurrentWorkOnRoot @ react-dom.development.js:22330
workLoop @ scheduler.development.js:227
flushWork @ scheduler.development.js:205
performWorkUntilDeadline @ scheduler.development.js:442
processImmediate @ internal/timers.js:439
react-dom.development.js:74 Warning: componentWillUpdate has been renamed, and is not recommended for use. See https://reactjs.org/link/unsafe-component-lifecycles for details.

* Move data fetching code or side effects to componentDidUpdate.
* Rename componentWillUpdate to UNSAFE_componentWillUpdate to suppress this warning in non-strict mode. In React 18.x, only the UNSAFE_ name will work. To rename all deprecated lifecycles to their new names, you can run `npx react-codemod rename-unsafe-lifecycles` in your project source folder.

Please update the following components: CopyDialog, EditTagsDialogs, NewSiteDialog, RenameDialog, SiteLibraryRouted, SplashDialog
printWarning @ react-dom.development.js:74
warn @ react-dom.development.js:41
push../node_modules/react-dom/cjs/react-dom.development.js.ReactStrictModeWarnings.flushPendingUnsafeLifecycleWarnings @ react-dom.development.js:11305
flushRenderPhaseStrictModeWarningsInDEV @ react-dom.development.js:23612
commitRootImpl @ react-dom.development.js:23099
commitRoot @ react-dom.development.js:23082
finishConcurrentRender @ react-dom.development.js:22479
performConcurrentWorkOnRoot @ react-dom.development.js:22330
workLoop @ scheduler.development.js:227
flushWork @ scheduler.development.js:205
performWorkUntilDeadline @ scheduler.development.js:442
processImmediate @ internal/timers.js:439
electron/js2c/renderer_init.js:15 (electron) Security Warning: webFrame.executeJavaScript was called without worldSafeExecuteJavaScript enabled. This is considered unsafe. worldSafeExecuteJavaScript will be enabled by default in Electron 12.
log @ electron/js2c/renderer_init.js:15
e.startsWith.WebFrame.<computed> @ electron/js2c/renderer_init.js:87
isUnsafeEvalEnabled @ electron/js2c/renderer_init.js:135
warnAboutInsecureCSP @ electron/js2c/renderer_init.js:135
logSecurityWarnings @ electron/js2c/renderer_init.js:135
(anonymous) @ electron/js2c/renderer_init.js:135
async function (async)
(anonymous) @ electron/js2c/renderer_init.js:135
electron/js2c/renderer_init.js:135 Electron Security Warning (Insecure Content-Security-Policy) This renderer process has either no Content Security
    Policy set or a policy with "unsafe-eval" enabled. This exposes users of
    this app to unnecessary security risks.

For more information and help, consult
https://electronjs.org/docs/tutorial/security.
This warning will not show up
once the app is packaged.
(anonymous) @ electron/js2c/renderer_init.js:135
Promise.then (async)
warnAboutInsecureCSP @ electron/js2c/renderer_init.js:135
logSecurityWarnings @ electron/js2c/renderer_init.js:135
(anonymous) @ electron/js2c/renderer_init.js:135
async function (async)
(anonymous) @ electron/js2c/renderer_init.js:135
CardItem.js:98 Uncaught TypeError: Cannot read property 'avatarNoFavicon' of undefined
    at CardItem.render (CardItem.js:98)
    at finishClassComponent (react-dom.development.js:17176)
    at updateClassComponent (react-dom.development.js:17133)
    at beginWork (react-dom.development.js:18766)
    at HTMLUnknownElement.callCallback (react-dom.development.js:3724)
    at Object.invokeGuardedCallbackDev (react-dom.development.js:3768)
    at invokeGuardedCallback (react-dom.development.js:3825)
    at beginWork$1 (react-dom.development.js:23728)
    at performUnitOfWork (react-dom.development.js:22979)
    at workLoopSync (react-dom.development.js:22899)
    at renderRootSync (react-dom.development.js:22872)
    at performConcurrentWorkOnRoot (react-dom.development.js:22267)
    at workLoop (scheduler.development.js:227)
    at flushWork (scheduler.development.js:205)
    at Immediate.performWorkUntilDeadline [as _onImmediate] (scheduler.development.js:442)
    at processImmediate (internal/timers.js:439)
render @ CardItem.js:98
finishClassComponent @ react-dom.development.js:17176
updateClassComponent @ react-dom.development.js:17133
beginWork @ react-dom.development.js:18766
callCallback @ react-dom.development.js:3724
invokeGuardedCallbackDev @ react-dom.development.js:3768
invokeGuardedCallback @ react-dom.development.js:3825
beginWork$1 @ react-dom.development.js:23728
performUnitOfWork @ react-dom.development.js:22979
workLoopSync @ react-dom.development.js:22899
renderRootSync @ react-dom.development.js:22872
performConcurrentWorkOnRoot @ react-dom.development.js:22267
workLoop @ scheduler.development.js:227
flushWork @ scheduler.development.js:205
performWorkUntilDeadline @ scheduler.development.js:442
processImmediate @ internal/timers.js:439
CardItem.js:98 Uncaught TypeError: Cannot read property 'avatarNoFavicon' of undefined
    at CardItem.render (CardItem.js:98)
    at finishClassComponent (react-dom.development.js:17176)
    at updateClassComponent (react-dom.development.js:17133)
    at beginWork (react-dom.development.js:18766)
    at HTMLUnknownElement.callCallback (react-dom.development.js:3724)
    at Object.invokeGuardedCallbackDev (react-dom.development.js:3768)
    at invokeGuardedCallback (react-dom.development.js:3825)
    at beginWork$1 (react-dom.development.js:23728)
    at performUnitOfWork (react-dom.development.js:22979)
    at workLoopSync (react-dom.development.js:22899)
    at renderRootSync (react-dom.development.js:22872)
    at performConcurrentWorkOnRoot (react-dom.development.js:22267)
    at workLoop (scheduler.development.js:227)
    at flushWork (scheduler.development.js:205)
    at Immediate.performWorkUntilDeadline [as _onImmediate] (scheduler.development.js:442)
    at processImmediate (internal/timers.js:439)
render @ CardItem.js:98
finishClassComponent @ react-dom.development.js:17176
updateClassComponent @ react-dom.development.js:17133
beginWork @ react-dom.development.js:18766
callCallback @ react-dom.development.js:3724
invokeGuardedCallbackDev @ react-dom.development.js:3768
invokeGuardedCallback @ react-dom.development.js:3825
beginWork$1 @ react-dom.development.js:23728
performUnitOfWork @ react-dom.development.js:22979
workLoopSync @ react-dom.development.js:22899
renderRootSync @ react-dom.development.js:22872
performConcurrentWorkOnRoot @ react-dom.development.js:22267
workLoop @ scheduler.development.js:227
flushWork @ scheduler.development.js:205
performWorkUntilDeadline @ scheduler.development.js:442
processImmediate @ internal/timers.js:439
CardItem.js:98 Uncaught TypeError: Cannot read property 'avatarNoFavicon' of undefined
    at CardItem.render (CardItem.js:98)
    at finishClassComponent (react-dom.development.js:17176)
    at updateClassComponent (react-dom.development.js:17133)
    at beginWork (react-dom.development.js:18766)
    at HTMLUnknownElement.callCallback (react-dom.development.js:3724)
    at Object.invokeGuardedCallbackDev (react-dom.development.js:3768)
    at invokeGuardedCallback (react-dom.development.js:3825)
    at beginWork$1 (react-dom.development.js:23728)
    at performUnitOfWork (react-dom.development.js:22979)
    at workLoopSync (react-dom.development.js:22899)
    at renderRootSync (react-dom.development.js:22872)
    at performConcurrentWorkOnRoot (react-dom.development.js:22267)
    at workLoop (scheduler.development.js:227)
    at flushWork (scheduler.development.js:205)
    at Immediate.performWorkUntilDeadline [as _onImmediate] (scheduler.development.js:442)
    at processImmediate (internal/timers.js:439)
render @ CardItem.js:98
finishClassComponent @ react-dom.development.js:17176
updateClassComponent @ react-dom.development.js:17133
beginWork @ react-dom.development.js:18766
callCallback @ react-dom.development.js:3724
invokeGuardedCallbackDev @ react-dom.development.js:3768
invokeGuardedCallback @ react-dom.development.js:3825
beginWork$1 @ react-dom.development.js:23728
performUnitOfWork @ react-dom.development.js:22979
workLoopSync @ react-dom.development.js:22899
renderRootSync @ react-dom.development.js:22872
performConcurrentWorkOnRoot @ react-dom.development.js:22267
workLoop @ scheduler.development.js:227
flushWork @ scheduler.development.js:205
performWorkUntilDeadline @ scheduler.development.js:442
processImmediate @ internal/timers.js:439
CardItem.js:98 Uncaught TypeError: Cannot read property 'avatarNoFavicon' of undefined
    at CardItem.render (CardItem.js:98)
    at finishClassComponent (react-dom.development.js:17176)
    at updateClassComponent (react-dom.development.js:17133)
    at beginWork (react-dom.development.js:18766)
    at HTMLUnknownElement.callCallback (react-dom.development.js:3724)
    at Object.invokeGuardedCallbackDev (react-dom.development.js:3768)
    at invokeGuardedCallback (react-dom.development.js:3825)
    at beginWork$1 (react-dom.development.js:23728)
    at performUnitOfWork (react-dom.development.js:22979)
    at workLoopSync (react-dom.development.js:22899)
    at renderRootSync (react-dom.development.js:22872)
    at performConcurrentWorkOnRoot (react-dom.development.js:22267)
    at workLoop (scheduler.development.js:227)
    at flushWork (scheduler.development.js:205)
    at Immediate.performWorkUntilDeadline [as _onImmediate] (scheduler.development.js:442)
    at processImmediate (internal/timers.js:439)
render @ CardItem.js:98
finishClassComponent @ react-dom.development.js:17176
updateClassComponent @ react-dom.development.js:17133
beginWork @ react-dom.development.js:18766
callCallback @ react-dom.development.js:3724
invokeGuardedCallbackDev @ react-dom.development.js:3768
invokeGuardedCallback @ react-dom.development.js:3825
beginWork$1 @ react-dom.development.js:23728
performUnitOfWork @ react-dom.development.js:22979
workLoopSync @ react-dom.development.js:22899
renderRootSync @ react-dom.development.js:22872
performConcurrentWorkOnRoot @ react-dom.development.js:22267
workLoop @ scheduler.development.js:227
flushWork @ scheduler.development.js:205
performWorkUntilDeadline @ scheduler.development.js:442
processImmediate @ internal/timers.js:439
CardItem.js:98 Uncaught TypeError: Cannot read property 'avatarNoFavicon' of undefined
    at CardItem.render (CardItem.js:98)
    at finishClassComponent (react-dom.development.js:17176)
    at updateClassComponent (react-dom.development.js:17133)
    at beginWork (react-dom.development.js:18766)
    at HTMLUnknownElement.callCallback (react-dom.development.js:3724)
    at Object.invokeGuardedCallbackDev (react-dom.development.js:3768)
    at invokeGuardedCallback (react-dom.development.js:3825)
    at beginWork$1 (react-dom.development.js:23728)
    at performUnitOfWork (react-dom.development.js:22979)
    at workLoopSync (react-dom.development.js:22899)
    at renderRootSync (react-dom.development.js:22872)
    at recoverFromConcurrentError (react-dom.development.js:22364)
    at performConcurrentWorkOnRoot (react-dom.development.js:22277)
    at workLoop (scheduler.development.js:227)
    at flushWork (scheduler.development.js:205)
    at Immediate.performWorkUntilDeadline [as _onImmediate] (scheduler.development.js:442)
    at processImmediate (internal/timers.js:439)
render @ CardItem.js:98
finishClassComponent @ react-dom.development.js:17176
updateClassComponent @ react-dom.development.js:17133
beginWork @ react-dom.development.js:18766
callCallback @ react-dom.development.js:3724
invokeGuardedCallbackDev @ react-dom.development.js:3768
invokeGuardedCallback @ react-dom.development.js:3825
beginWork$1 @ react-dom.development.js:23728
performUnitOfWork @ react-dom.development.js:22979
workLoopSync @ react-dom.development.js:22899
renderRootSync @ react-dom.development.js:22872
recoverFromConcurrentError @ react-dom.development.js:22364
performConcurrentWorkOnRoot @ react-dom.development.js:22277
workLoop @ scheduler.development.js:227
flushWork @ scheduler.development.js:205
performWorkUntilDeadline @ scheduler.development.js:442
processImmediate @ internal/timers.js:439
CardItem.js:98 Uncaught TypeError: Cannot read property 'avatarNoFavicon' of undefined
    at CardItem.render (CardItem.js:98)
    at finishClassComponent (react-dom.development.js:17176)
    at updateClassComponent (react-dom.development.js:17133)
    at beginWork (react-dom.development.js:18766)
    at HTMLUnknownElement.callCallback (react-dom.development.js:3724)
    at Object.invokeGuardedCallbackDev (react-dom.development.js:3768)
    at invokeGuardedCallback (react-dom.development.js:3825)
    at beginWork$1 (react-dom.development.js:23728)
    at performUnitOfWork (react-dom.development.js:22979)
    at workLoopSync (react-dom.development.js:22899)
    at renderRootSync (react-dom.development.js:22872)
    at recoverFromConcurrentError (react-dom.development.js:22364)
    at performConcurrentWorkOnRoot (react-dom.development.js:22277)
    at workLoop (scheduler.development.js:227)
    at flushWork (scheduler.development.js:205)
    at Immediate.performWorkUntilDeadline [as _onImmediate] (scheduler.development.js:442)
    at processImmediate (internal/timers.js:439)
render @ CardItem.js:98
finishClassComponent @ react-dom.development.js:17176
updateClassComponent @ react-dom.development.js:17133
beginWork @ react-dom.development.js:18766
callCallback @ react-dom.development.js:3724
invokeGuardedCallbackDev @ react-dom.development.js:3768
invokeGuardedCallback @ react-dom.development.js:3825
beginWork$1 @ react-dom.development.js:23728
performUnitOfWork @ react-dom.development.js:22979
workLoopSync @ react-dom.development.js:22899
renderRootSync @ react-dom.development.js:22872
recoverFromConcurrentError @ react-dom.development.js:22364
performConcurrentWorkOnRoot @ react-dom.development.js:22277
workLoop @ scheduler.development.js:227
flushWork @ scheduler.development.js:205
performWorkUntilDeadline @ scheduler.development.js:442
processImmediate @ internal/timers.js:439
CardItem.js:98 Uncaught TypeError: Cannot read property 'avatarNoFavicon' of undefined
    at CardItem.render (CardItem.js:98)
    at finishClassComponent (react-dom.development.js:17176)
    at updateClassComponent (react-dom.development.js:17133)
    at beginWork (react-dom.development.js:18766)
    at HTMLUnknownElement.callCallback (react-dom.development.js:3724)
    at Object.invokeGuardedCallbackDev (react-dom.development.js:3768)
    at invokeGuardedCallback (react-dom.development.js:3825)
    at beginWork$1 (react-dom.development.js:23728)
    at performUnitOfWork (react-dom.development.js:22979)
    at workLoopSync (react-dom.development.js:22899)
    at renderRootSync (react-dom.development.js:22872)
    at recoverFromConcurrentError (react-dom.development.js:22364)
    at performConcurrentWorkOnRoot (react-dom.development.js:22277)
    at workLoop (scheduler.development.js:227)
    at flushWork (scheduler.development.js:205)
    at Immediate.performWorkUntilDeadline [as _onImmediate] (scheduler.development.js:442)
    at processImmediate (internal/timers.js:439)
render @ CardItem.js:98
finishClassComponent @ react-dom.development.js:17176
updateClassComponent @ react-dom.development.js:17133
beginWork @ react-dom.development.js:18766
callCallback @ react-dom.development.js:3724
invokeGuardedCallbackDev @ react-dom.development.js:3768
invokeGuardedCallback @ react-dom.development.js:3825
beginWork$1 @ react-dom.development.js:23728
performUnitOfWork @ react-dom.development.js:22979
workLoopSync @ react-dom.development.js:22899
renderRootSync @ react-dom.development.js:22872
recoverFromConcurrentError @ react-dom.development.js:22364
performConcurrentWorkOnRoot @ react-dom.development.js:22277
workLoop @ scheduler.development.js:227
flushWork @ scheduler.development.js:205
performWorkUntilDeadline @ scheduler.development.js:442
processImmediate @ internal/timers.js:439
CardItem.js:98 Uncaught TypeError: Cannot read property 'avatarNoFavicon' of undefined
    at CardItem.render (CardItem.js:98)
    at finishClassComponent (react-dom.development.js:17176)
    at updateClassComponent (react-dom.development.js:17133)
    at beginWork (react-dom.development.js:18766)
    at HTMLUnknownElement.callCallback (react-dom.development.js:3724)
    at Object.invokeGuardedCallbackDev (react-dom.development.js:3768)
    at invokeGuardedCallback (react-dom.development.js:3825)
    at beginWork$1 (react-dom.development.js:23728)
    at performUnitOfWork (react-dom.development.js:22979)
    at workLoopSync (react-dom.development.js:22899)
    at renderRootSync (react-dom.development.js:22872)
    at recoverFromConcurrentError (react-dom.development.js:22364)
    at performConcurrentWorkOnRoot (react-dom.development.js:22277)
    at workLoop (scheduler.development.js:227)
    at flushWork (scheduler.development.js:205)
    at Immediate.performWorkUntilDeadline [as _onImmediate] (scheduler.development.js:442)
    at processImmediate (internal/timers.js:439)
render @ CardItem.js:98
finishClassComponent @ react-dom.development.js:17176
updateClassComponent @ react-dom.development.js:17133
beginWork @ react-dom.development.js:18766
callCallback @ react-dom.development.js:3724
invokeGuardedCallbackDev @ react-dom.development.js:3768
invokeGuardedCallback @ react-dom.development.js:3825
beginWork$1 @ react-dom.development.js:23728
performUnitOfWork @ react-dom.development.js:22979
workLoopSync @ react-dom.development.js:22899
renderRootSync @ react-dom.development.js:22872
recoverFromConcurrentError @ react-dom.development.js:22364
performConcurrentWorkOnRoot @ react-dom.development.js:22277
workLoop @ scheduler.development.js:227
flushWork @ scheduler.development.js:205
performWorkUntilDeadline @ scheduler.development.js:442
processImmediate @ internal/timers.js:439
index.js:1191 The above error occurred in the <CardItem> component:

    at CardItem (http://localhost:4001/static/js/main.chunk.js:13764:5)
    at div
    at MuiGrid-root (http://localhost:4001/static/js/0.chunk.js:1174:73)
    at Grid (http://localhost:4001/static/js/0.chunk.js:37256:100)
    at div
    at MuiGrid-root (http://localhost:4001/static/js/0.chunk.js:1174:73)
    at Grid (http://localhost:4001/static/js/0.chunk.js:37256:100)
    at div
    at Styled(div) (http://localhost:4001/static/js/0.chunk.js:1174:73)
    at Box (http://localhost:4001/static/js/0.chunk.js:64683:76)
    at Route (http://localhost:4001/static/js/0.chunk.js:216922:5)
    at Switch (http://localhost:4001/static/js/0.chunk.js:217397:5)
    at SiteLibraryRouted (http://localhost:4001/static/js/main.chunk.js:12651:5)
    at Route (http://localhost:4001/static/js/0.chunk.js:216922:5)
    at Switch (http://localhost:4001/static/js/0.chunk.js:217397:5)
    at div
    at div
    at div
    at DefaultPropsProvider (http://localhost:4001/static/js/0.chunk.js:62407:5)
    at RtlProvider (http://localhost:4001/static/js/0.chunk.js:62655:7)
    at ThemeProvider (http://localhost:4001/static/js/0.chunk.js:60939:5)
    at ThemeProvider (http://localhost:4001/static/js/0.chunk.js:63090:5)
    at ThemeProvider (http://localhost:4001/static/js/0.chunk.js:57324:14)
    at StyledEngineProvider (http://localhost:4001/static/js/0.chunk.js:61201:5)
    at Route (http://localhost:4001/static/js/0.chunk.js:216922:5)
    at Switch (http://localhost:4001/static/js/0.chunk.js:217397:5)
    at App (http://localhost:4001/static/js/main.chunk.js:117:5)
    at div
    at Router (http://localhost:4001/static/js/0.chunk.js:217088:5)
    at BrowserRouter (http://localhost:4001/static/js/0.chunk.js:215917:5)

Consider adding an error boundary to your tree to customize error handling behavior.
Visit https://reactjs.org/link/error-boundaries to learn more about error boundaries.
console.<computed> @ index.js:1191
logCapturedError @ react-dom.development.js:16249
update.callback @ react-dom.development.js:16279
callCallback @ react-dom.development.js:13079
commitUpdateQueue @ react-dom.development.js:13097
commitLayoutEffectOnFiber @ react-dom.development.js:20265
commitLayoutMountEffects_complete @ react-dom.development.js:21358
commitLayoutEffects_begin @ react-dom.development.js:21347
commitLayoutEffects @ react-dom.development.js:21293
commitRootImpl @ react-dom.development.js:23202
commitRoot @ react-dom.development.js:23082
finishConcurrentRender @ react-dom.development.js:22402
performConcurrentWorkOnRoot @ react-dom.development.js:22330
workLoop @ scheduler.development.js:227
flushWork @ scheduler.development.js:205
performWorkUntilDeadline @ scheduler.development.js:442
processImmediate @ internal/timers.js:439
index.js:1191 The above error occurred in the <CardItem> component:

    at CardItem (http://localhost:4001/static/js/main.chunk.js:13764:5)
    at div
    at MuiGrid-root (http://localhost:4001/static/js/0.chunk.js:1174:73)
    at Grid (http://localhost:4001/static/js/0.chunk.js:37256:100)
    at div
    at MuiGrid-root (http://localhost:4001/static/js/0.chunk.js:1174:73)
    at Grid (http://localhost:4001/static/js/0.chunk.js:37256:100)
    at div
    at Styled(div) (http://localhost:4001/static/js/0.chunk.js:1174:73)
    at Box (http://localhost:4001/static/js/0.chunk.js:64683:76)
    at Route (http://localhost:4001/static/js/0.chunk.js:216922:5)
    at Switch (http://localhost:4001/static/js/0.chunk.js:217397:5)
    at SiteLibraryRouted (http://localhost:4001/static/js/main.chunk.js:12651:5)
    at Route (http://localhost:4001/static/js/0.chunk.js:216922:5)
    at Switch (http://localhost:4001/static/js/0.chunk.js:217397:5)
    at div
    at div
    at div
    at DefaultPropsProvider (http://localhost:4001/static/js/0.chunk.js:62407:5)
    at RtlProvider (http://localhost:4001/static/js/0.chunk.js:62655:7)
    at ThemeProvider (http://localhost:4001/static/js/0.chunk.js:60939:5)
    at ThemeProvider (http://localhost:4001/static/js/0.chunk.js:63090:5)
    at ThemeProvider (http://localhost:4001/static/js/0.chunk.js:57324:14)
    at StyledEngineProvider (http://localhost:4001/static/js/0.chunk.js:61201:5)
    at Route (http://localhost:4001/static/js/0.chunk.js:216922:5)
    at Switch (http://localhost:4001/static/js/0.chunk.js:217397:5)
    at App (http://localhost:4001/static/js/main.chunk.js:117:5)
    at div
    at Router (http://localhost:4001/static/js/0.chunk.js:217088:5)
    at BrowserRouter (http://localhost:4001/static/js/0.chunk.js:215917:5)

Consider adding an error boundary to your tree to customize error handling behavior.
Visit https://reactjs.org/link/error-boundaries to learn more about error boundaries.
console.<computed> @ index.js:1191
logCapturedError @ react-dom.development.js:16249
update.callback @ react-dom.development.js:16279
callCallback @ react-dom.development.js:13079
commitUpdateQueue @ react-dom.development.js:13097
commitLayoutEffectOnFiber @ react-dom.development.js:20265
commitLayoutMountEffects_complete @ react-dom.development.js:21358
commitLayoutEffects_begin @ react-dom.development.js:21347
commitLayoutEffects @ react-dom.development.js:21293
commitRootImpl @ react-dom.development.js:23202
commitRoot @ react-dom.development.js:23082
finishConcurrentRender @ react-dom.development.js:22402
performConcurrentWorkOnRoot @ react-dom.development.js:22330
workLoop @ scheduler.development.js:227
flushWork @ scheduler.development.js:205
performWorkUntilDeadline @ scheduler.development.js:442
processImmediate @ internal/timers.js:439
index.js:1191 The above error occurred in the <CardItem> component:

    at CardItem (http://localhost:4001/static/js/main.chunk.js:13764:5)
    at div
    at MuiGrid-root (http://localhost:4001/static/js/0.chunk.js:1174:73)
    at Grid (http://localhost:4001/static/js/0.chunk.js:37256:100)
    at div
    at MuiGrid-root (http://localhost:4001/static/js/0.chunk.js:1174:73)
    at Grid (http://localhost:4001/static/js/0.chunk.js:37256:100)
    at div
    at Styled(div) (http://localhost:4001/static/js/0.chunk.js:1174:73)
    at Box (http://localhost:4001/static/js/0.chunk.js:64683:76)
    at Route (http://localhost:4001/static/js/0.chunk.js:216922:5)
    at Switch (http://localhost:4001/static/js/0.chunk.js:217397:5)
    at SiteLibraryRouted (http://localhost:4001/static/js/main.chunk.js:12651:5)
    at Route (http://localhost:4001/static/js/0.chunk.js:216922:5)
    at Switch (http://localhost:4001/static/js/0.chunk.js:217397:5)
    at div
    at div
    at div
    at DefaultPropsProvider (http://localhost:4001/static/js/0.chunk.js:62407:5)
    at RtlProvider (http://localhost:4001/static/js/0.chunk.js:62655:7)
    at ThemeProvider (http://localhost:4001/static/js/0.chunk.js:60939:5)
    at ThemeProvider (http://localhost:4001/static/js/0.chunk.js:63090:5)
    at ThemeProvider (http://localhost:4001/static/js/0.chunk.js:57324:14)
    at StyledEngineProvider (http://localhost:4001/static/js/0.chunk.js:61201:5)
    at Route (http://localhost:4001/static/js/0.chunk.js:216922:5)
    at Switch (http://localhost:4001/static/js/0.chunk.js:217397:5)
    at App (http://localhost:4001/static/js/main.chunk.js:117:5)
    at div
    at Router (http://localhost:4001/static/js/0.chunk.js:217088:5)
    at BrowserRouter (http://localhost:4001/static/js/0.chunk.js:215917:5)

Consider adding an error boundary to your tree to customize error handling behavior.
Visit https://reactjs.org/link/error-boundaries to learn more about error boundaries.
console.<computed> @ index.js:1191
logCapturedError @ react-dom.development.js:16249
update.callback @ react-dom.development.js:16279
callCallback @ react-dom.development.js:13079
commitUpdateQueue @ react-dom.development.js:13097
commitLayoutEffectOnFiber @ react-dom.development.js:20265
commitLayoutMountEffects_complete @ react-dom.development.js:21358
commitLayoutEffects_begin @ react-dom.development.js:21347
commitLayoutEffects @ react-dom.development.js:21293
commitRootImpl @ react-dom.development.js:23202
commitRoot @ react-dom.development.js:23082
finishConcurrentRender @ react-dom.development.js:22402
performConcurrentWorkOnRoot @ react-dom.development.js:22330
workLoop @ scheduler.development.js:227
flushWork @ scheduler.development.js:205
performWorkUntilDeadline @ scheduler.development.js:442
processImmediate @ internal/timers.js:439
index.js:1191 The above error occurred in the <CardItem> component:

    at CardItem (http://localhost:4001/static/js/main.chunk.js:13764:5)
    at div
    at MuiGrid-root (http://localhost:4001/static/js/0.chunk.js:1174:73)
    at Grid (http://localhost:4001/static/js/0.chunk.js:37256:100)
    at div
    at MuiGrid-root (http://localhost:4001/static/js/0.chunk.js:1174:73)
    at Grid (http://localhost:4001/static/js/0.chunk.js:37256:100)
    at div
    at Styled(div) (http://localhost:4001/static/js/0.chunk.js:1174:73)
    at Box (http://localhost:4001/static/js/0.chunk.js:64683:76)
    at Route (http://localhost:4001/static/js/0.chunk.js:216922:5)
    at Switch (http://localhost:4001/static/js/0.chunk.js:217397:5)
    at SiteLibraryRouted (http://localhost:4001/static/js/main.chunk.js:12651:5)
    at Route (http://localhost:4001/static/js/0.chunk.js:216922:5)
    at Switch (http://localhost:4001/static/js/0.chunk.js:217397:5)
    at div
    at div
    at div
    at DefaultPropsProvider (http://localhost:4001/static/js/0.chunk.js:62407:5)
    at RtlProvider (http://localhost:4001/static/js/0.chunk.js:62655:7)
    at ThemeProvider (http://localhost:4001/static/js/0.chunk.js:60939:5)
    at ThemeProvider (http://localhost:4001/static/js/0.chunk.js:63090:5)
    at ThemeProvider (http://localhost:4001/static/js/0.chunk.js:57324:14)
    at StyledEngineProvider (http://localhost:4001/static/js/0.chunk.js:61201:5)
    at Route (http://localhost:4001/static/js/0.chunk.js:216922:5)
    at Switch (http://localhost:4001/static/js/0.chunk.js:217397:5)
    at App (http://localhost:4001/static/js/main.chunk.js:117:5)
    at div
    at Router (http://localhost:4001/static/js/0.chunk.js:217088:5)
    at BrowserRouter (http://localhost:4001/static/js/0.chunk.js:215917:5)

Consider adding an error boundary to your tree to customize error handling behavior.
Visit https://reactjs.org/link/error-boundaries to learn more about error boundaries.
console.<computed> @ index.js:1191
logCapturedError @ react-dom.development.js:16249
update.callback @ react-dom.development.js:16279
callCallback @ react-dom.development.js:13079
commitUpdateQueue @ react-dom.development.js:13097
commitLayoutEffectOnFiber @ react-dom.development.js:20265
commitLayoutMountEffects_complete @ react-dom.development.js:21358
commitLayoutEffects_begin @ react-dom.development.js:21347
commitLayoutEffects @ react-dom.development.js:21293
commitRootImpl @ react-dom.development.js:23202
commitRoot @ react-dom.development.js:23082
finishConcurrentRender @ react-dom.development.js:22402
performConcurrentWorkOnRoot @ react-dom.development.js:22330
workLoop @ scheduler.development.js:227
flushWork @ scheduler.development.js:205
performWorkUntilDeadline @ scheduler.development.js:442
processImmediate @ internal/timers.js:439
react-dom.development.js:23288 Uncaught TypeError: Cannot read property 'avatarNoFavicon' of undefined
    at CardItem.render (CardItem.js:98)
    at finishClassComponent (react-dom.development.js:17176)
    at updateClassComponent (react-dom.development.js:17133)
    at beginWork (react-dom.development.js:18766)
    at beginWork$1 (react-dom.development.js:23706)
    at performUnitOfWork (react-dom.development.js:22979)
    at workLoopSync (react-dom.development.js:22899)
    at renderRootSync (react-dom.development.js:22872)
    at recoverFromConcurrentError (react-dom.development.js:22364)
    at performConcurrentWorkOnRoot (react-dom.development.js:22277)
    at workLoop (scheduler.development.js:227)
    at flushWork (scheduler.development.js:205)
    at Immediate.performWorkUntilDeadline (scheduler.development.js:442)
    at processImmediate (internal/timers.js:439)
render @ CardItem.js:98
finishClassComponent @ react-dom.development.js:17176
updateClassComponent @ react-dom.development.js:17133
beginWork @ react-dom.development.js:18766
beginWork$1 @ react-dom.development.js:23706
performUnitOfWork @ react-dom.development.js:22979
workLoopSync @ react-dom.development.js:22899
renderRootSync @ react-dom.development.js:22872
recoverFromConcurrentError @ react-dom.development.js:22364
performConcurrentWorkOnRoot @ react-dom.development.js:22277
workLoop @ scheduler.development.js:227
flushWork @ scheduler.development.js:205
performWorkUntilDeadline @ scheduler.development.js:442
processImmediate @ internal/timers.js:439
webpackHotDevClient.js:115 ./src/components/SukohForm/components/ColorToolDynamic.js
  Line 10:7:  'palette' is assigned a value but never used  no-unused-vars
printWarnings @ webpackHotDevClient.js:115
handleWarnings @ webpackHotDevClient.js:119
push../node_modules/react-dev-utils/webpackHotDevClient.js.connection.onmessage @ webpackHotDevClient.js:184
push../node_modules/sockjs-client/lib/event/eventtarget.js.EventTarget.dispatchEvent @ eventtarget.js:47
(anonymous) @ main.js:249
push../node_modules/sockjs-client/lib/main.js.SockJS._transportMessage @ main.js:247
push../node_modules/sockjs-client/lib/event/emitter.js.EventEmitter.emit @ emitter.js:41
WebSocketTransport.ws.onmessage @ websocket.js:29
webpackHotDevClient.js:115 ./src/containers/WorkspaceMounted/SiteConf/SiteConfRouteGeneral.js
  Line 12:7:  'useStyles' is assigned a value but never used  no-unused-vars
printWarnings @ webpackHotDevClient.js:115
handleWarnings @ webpackHotDevClient.js:119
push../node_modules/react-dev-utils/webpackHotDevClient.js.connection.onmessage @ webpackHotDevClient.js:184
push../node_modules/sockjs-client/lib/event/eventtarget.js.EventTarget.dispatchEvent @ eventtarget.js:47
(anonymous) @ main.js:249
push../node_modules/sockjs-client/lib/main.js.SockJS._transportMessage @ main.js:247
push../node_modules/sockjs-client/lib/event/emitter.js.EventEmitter.emit @ emitter.js:41
WebSocketTransport.ws.onmessage @ websocket.js:29
webpackHotDevClient.js:115 ./src/containers/Prefs/PrefsGeneral.js
  Line 13:7:  'useStyles' is assigned a value but never used  no-unused-vars
printWarnings @ webpackHotDevClient.js:115
handleWarnings @ webpackHotDevClient.js:119
push../node_modules/react-dev-utils/webpackHotDevClient.js.connection.onmessage @ webpackHotDevClient.js:184
push../node_modules/sockjs-client/lib/event/eventtarget.js.EventTarget.dispatchEvent @ eventtarget.js:47
(anonymous) @ main.js:249
push../node_modules/sockjs-client/lib/main.js.SockJS._transportMessage @ main.js:247
push../node_modules/sockjs-client/lib/event/emitter.js.EventEmitter.emit @ emitter.js:41
WebSocketTransport.ws.onmessage @ websocket.js:29
webpackHotDevClient.js:115 ./src/containers/Prefs/PrefsVars.js
  Line 13:7:  'useStyles' is assigned a value but never used  no-unused-vars
printWarnings @ webpackHotDevClient.js:115
handleWarnings @ webpackHotDevClient.js:119
push../node_modules/react-dev-utils/webpackHotDevClient.js.connection.onmessage @ webpackHotDevClient.js:184
push../node_modules/sockjs-client/lib/event/eventtarget.js.EventTarget.dispatchEvent @ eventtarget.js:47
(anonymous) @ main.js:249
push../node_modules/sockjs-client/lib/main.js.SockJS._transportMessage @ main.js:247
push../node_modules/sockjs-client/lib/event/emitter.js.EventEmitter.emit @ emitter.js:41
WebSocketTransport.ws.onmessage @ websocket.js:29
webpackHotDevClient.js:115 ./src/containers/SiteLibrary/components/SiteListItem.js
  Line 13:7:  'useStyles' is assigned a value but never used  no-unused-vars
printWarnings @ webpackHotDevClient.js:115
handleWarnings @ webpackHotDevClient.js:119
push../node_modules/react-dev-utils/webpackHotDevClient.js.connection.onmessage @ webpackHotDevClient.js:184
push../node_modules/sockjs-client/lib/event/eventtarget.js.EventTarget.dispatchEvent @ eventtarget.js:47
(anonymous) @ main.js:249
push../node_modules/sockjs-client/lib/main.js.SockJS._transportMessage @ main.js:247
push../node_modules/sockjs-client/lib/event/emitter.js.EventEmitter.emit @ emitter.js:41
WebSocketTransport.ws.onmessage @ websocket.js:29
webpackHotDevClient.js:112 There were more warnings in other files.
You can find a complete log in the terminal.
printWarnings @ webpackHotDevClient.js:112
handleWarnings @ webpackHotDevClient.js:119
push../node_modules/react-dev-utils/webpackHotDevClient.js.connection.onmessage @ webpackHotDevClient.js:184
push../node_modules/sockjs-client/lib/event/eventtarget.js.EventTarget.dispatchEvent @ eventtarget.js:47
(anonymous) @ main.js:249
push../node_modules/sockjs-client/lib/main.js.SockJS._transportMessage @ main.js:247
push../node_modules/sockjs-client/lib/event/emitter.js.EventEmitter.emit @ emitter.js:41
WebSocketTransport.ws.onmessage @ websocket.js:29
VM66:2 Uncaught ReferenceError: process is not defined
    at Object.4043 (<anonymous>:2:13175)
    at r (<anonymous>:2:306606)
    at Object.8048 (<anonymous>:2:9504)
    at r (<anonymous>:2:306606)
    at Object.8641 (<anonymous>:2:1379)
    at r (<anonymous>:2:306606)
    at <anonymous>:2:315634
    at <anonymous>:2:324254
    at <anonymous>:2:324258
    at HTMLIFrameElement.e.onload (index.js:1714)
4043 @ VM66:2
r @ VM66:2
8048 @ VM66:2
r @ VM66:2
8641 @ VM66:2
r @ VM66:2
(anonymous) @ VM66:2
(anonymous) @ VM66:2
(anonymous) @ VM66:2
e.onload @ index.js:1714
be @ index.js:1716
(anonymous) @ index.js:1687
(anonymous) @ index.js:1617
load (async)
be @ index.js:1709
(anonymous) @ index.js:1687
(anonymous) @ index.js:1617
Promise.then (async)
(anonymous) @ index.js:1616
(anonymous) @ index.js:1664
t @ index.js:1134
invokeGuardedCallbackDev @ react-dom.development.js:3768
invokeGuardedCallback @ react-dom.development.js:3825
beginWork$1 @ react-dom.development.js:23728
performUnitOfWork @ react-dom.development.js:22979
workLoopSync @ react-dom.development.js:22899
renderRootSync @ react-dom.development.js:22872
performConcurrentWorkOnRoot @ react-dom.development.js:22267
workLoop @ scheduler.development.js:227
flushWork @ scheduler.development.js:205
performWorkUntilDeadline @ scheduler.development.js:442
processImmediate @ internal/timers.js:439
error (async)
o @ index.js:1138
(anonymous) @ index.js:1663
ge @ index.js:1677
./node_modules/react-dev-utils/webpackHotDevClient.js @ webpackHotDevClient.js:36
__webpack_require__ @ bootstrap:785
fn @ bootstrap:150
0 @ main-process-bridge.js:122
__webpack_require__ @ bootstrap:785
checkDeferredModules @ bootstrap:45
webpackJsonpCallback @ bootstrap:32
(anonymous) @ main.chunk.js:1
